<?xml version="1.0" encoding="UTF-8"?>
<!-- Generated by org.testng.reporters.JUnitXMLReporter -->
<testsuite ignored="0" hostname="AmerkhanPC" failures="0" tests="6" name="pmsLockCodeConfirmation" time="1166.959" errors="0" timestamp="2023-09-07T17:33:17 IST">
  <testcase classname="pmsLockCodeDelivery.pms_Gkr_Code_ConfirmationTesting" name="testAuth" time="2.666"/>
  <testcase classname="pmsLockCodeDelivery.pms_Gkr_Code_ConfirmationTesting" name="testVerify2FA" time="1.384"/>
  <testcase classname="pmsLockCodeDelivery.pms_Gkr_Code_ConfirmationTesting" name="getKeyAndVerifyCodeDelivery" time="13.275"/>
  <testcase classname="pmsLockCodeDelivery.pms_Gkr_Code_Regeneration" name="testAuth" time="1.546"/>
  <testcase classname="pmsLockCodeDelivery.pms_Gkr_Code_Regeneration" name="testVerify2FA" time="2.348"/>
  <testcase classname="pmsLockCodeDelivery.pms_Gkr_Code_Regeneration" name="getKeyAndVerifyCodeDelivery" time="1145.259"/>
</testsuite> <!-- pmsLockCodeConfirmation -->
