<?xml version="1.0" encoding="UTF-8"?>
<!-- Generated by org.testng.reporters.JUnitXMLReporter -->
<testsuite hostname="LAPTOP-NNQF56CK" name="Default test" tests="5" failures="0" timestamp="8 Aug 2023 11:49:53 GMT" time="9.223" errors="0">
  <testcase name="testAuth" time="3.52" classname="tests.Manual_GKR_Regeneration"/>
  <testcase name="testVerify2FA" time="1.193" classname="tests.Manual_GKR_Regeneration"/>
  <testcase name="createGKR" time="1.584" classname="tests.Manual_GKR_Regeneration"/>
  <testcase name="getKeyDetails" time="1.233" classname="tests.Manual_GKR_Regeneration"/>
  <testcase name="keyRegenerate" time="1.31" classname="tests.Manual_GKR_Regeneration"/>
</testsuite> <!-- Default test -->
