<?xml version="1.0" encoding="UTF-8"?>
<!-- Generated by org.testng.reporters.JUnitXMLReporter -->
<testsuite ignored="11" hostname="AmerkhanPC" failures="0" tests="3" name="Default test" time="7.278" errors="0" timestamp="2023-09-20T10:17:57 IST">
  <testcase classname="deviceThreadApi.properties" name="testAuth" time="3.237"/>
  <testcase classname="deviceThreadApi.properties" name="testVerify2FA" time="1.739"/>
  <testcase classname="deviceThreadApi.properties" name="getPropertyById" time="1.837"/>
  <testcase classname="deviceThreadApi.properties" name="moveZoneToAnotherZone" time="0.0">
    <ignored/>
  </testcase> <!-- moveZoneToAnotherZone -->
  <testcase classname="deviceThreadApi.properties" name="getSubZonesForZoneWithDeviceStatus" time="0.0">
    <ignored/>
  </testcase> <!-- getSubZonesForZoneWithDeviceStatus -->
  <testcase classname="deviceThreadApi.properties" name="addZone" time="0.0">
    <ignored/>
  </testcase> <!-- addZone -->
  <testcase classname="deviceThreadApi.properties" name="getPropertyZonesbyZoneTypes" time="0.0">
    <ignored/>
  </testcase> <!-- getPropertyZonesbyZoneTypes -->
  <testcase classname="deviceThreadApi.properties" name="deleteZone" time="0.0">
    <ignored/>
  </testcase> <!-- deleteZone -->
  <testcase classname="deviceThreadApi.properties" name="getZoneTypesForZone" time="0.0">
    <ignored/>
  </testcase> <!-- getZoneTypesForZone -->
  <testcase classname="deviceThreadApi.properties" name="getRecentZonesInProperty" time="0.0">
    <ignored/>
  </testcase> <!-- getRecentZonesInProperty -->
  <testcase classname="deviceThreadApi.properties" name="updatezone" time="0.0">
    <ignored/>
  </testcase> <!-- updatezone -->
  <testcase classname="deviceThreadApi.properties" name="getAllProperties" time="0.0">
    <ignored/>
  </testcase> <!-- getAllProperties -->
  <testcase classname="deviceThreadApi.properties" name="getZoneDetails" time="0.0">
    <ignored/>
  </testcase> <!-- getZoneDetails -->
  <testcase classname="deviceThreadApi.properties" name="getChildZones" time="0.0">
    <ignored/>
  </testcase> <!-- getChildZones -->
</testsuite> <!-- Default test -->
