<?xml version="1.0" encoding="UTF-8"?>
<!-- Generated by org.testng.reporters.JUnitXMLReporter -->
<testsuite ignored="0" hostname="AmerkhanPC" failures="2" tests="22" name="ManualCodeConfirmation(failed)" time="475.578" errors="0" timestamp="2023-09-14T13:44:05 IST">
  <testcase classname="manualLockCodeDelivery.Manual_SKR_Generate" name="testAuth" time="3.161"/>
  <testcase classname="manualLockCodeDelivery.Fire_safety_code_generation" name="testAuth" time="3.161"/>
  <testcase classname="manualLockCodeDelivery.Manual_GKR_Generate" name="testAuth" time="3.161"/>
  <testcase classname="manualLockCodeDelivery.Manual_GKR_Generate" name="testVerify2FA" time="1.388"/>
  <testcase classname="manualLockCodeDelivery.Fire_safety_code_generation" name="testVerify2FA" time="1.422"/>
  <testcase classname="manualLockCodeDelivery.Manual_SKR_Generate" name="testVerify2FA" time="1.427"/>
  <testcase classname="manualLockCodeDelivery.Manual_GKR_Expire" name="testAuth" time="5.83"/>
  <testcase classname="manualLockCodeDelivery.Manual_GKR_Expire" name="testVerify2FA" time="1.372"/>
  <testcase classname="manualLockCodeDelivery.Manual_GKR_Generate" name="createGKR" time="3.416"/>
  <testcase classname="manualLockCodeDelivery.Manual_SKR_Generate" name="getuserId" time="9.062"/>
  <testcase classname="manualLockCodeDelivery.Manual_GKR_Expire" name="createGKR" time="22.789"/>
  <testcase classname="manualLockCodeDelivery.Manual_GKR_Expire" name="getKeyDetails" time="1.433"/>
  <testcase classname="manualLockCodeDelivery.Manual_SKR_Generate" name="createSKR" time="29.646"/>
  <testcase classname="manualLockCodeDelivery.Manual_SKR_Generate" name="getKeyDetails" time="1.436"/>
  <testcase classname="manualLockCodeDelivery.Fire_safety_code_generation" name="Generate_Fire_Safety_codes" time="101.853"/>
  <testcase classname="manualLockCodeDelivery.Manual_GKR_Generate" name="getKeyDetails" time="361.493"/>
  <testcase classname="manualLockCodeDelivery.Manual_GKR_Generate" name="getCodeDeliveryStatus" time="3.647"/>
  <testcase classname="manualLockCodeDelivery.Manual_GKR_Expire" name="getCodeDeliveryStatus" time="363.69">
    <failure type="java.lang.AssertionError" message="expected [true] but found [false]">
      <![CDATA[java.lang.AssertionError: expected [true] but found [false]
at manualLockCodeDelivery.Manual_GKR_Expire.getCodeDeliveryStatus(Manual_GKR_Expire.java:170)
at java.base/java.util.concurrent.ThreadPoolExecutor.runWorker(ThreadPoolExecutor.java:1144)
at java.base/java.util.concurrent.ThreadPoolExecutor$Worker.run(ThreadPoolExecutor.java:642)
at java.base/java.lang.Thread.run(Thread.java:1589)
... Removed 14 stack frames]]>
    </failure>
  </testcase> <!-- getCodeDeliveryStatus -->
  <testcase classname="manualLockCodeDelivery.Manual_SKR_Generate" name="getCodeDeliveryStatus" time="363.486">
    <failure type="java.lang.AssertionError" message="expected [true] but found [false]">
      <![CDATA[java.lang.AssertionError: expected [true] but found [false]
at manualLockCodeDelivery.Manual_SKR_Generate.getCodeDeliveryStatus(Manual_SKR_Generate.java:191)
at java.base/java.util.concurrent.ThreadPoolExecutor.runWorker(ThreadPoolExecutor.java:1144)
at java.base/java.util.concurrent.ThreadPoolExecutor$Worker.run(ThreadPoolExecutor.java:642)
at java.base/java.lang.Thread.run(Thread.java:1589)
... Removed 14 stack frames]]>
    </failure>
  </testcase> <!-- getCodeDeliveryStatus -->
  <testcase classname="manualLockCodeDelivery.Fire_safety_code_generation" name="FSCDetails" time="361.493"/>
  <testcase classname="manualLockCodeDelivery.Fire_safety_code_generation" name="getCodeDeliveryStatus" time="4.188"/>
  <testcase classname="manualLockCodeDelivery.Fire_safety_code_generation" name="DeleteMastercode" time="2.981"/>
</testsuite> <!-- ManualCodeConfirmation(failed) -->
