<?xml version="1.0" encoding="UTF-8"?>
<testng-results ignored="0" total="3" passed="3" failed="0" skipped="0">
  <reporter-output>
  </reporter-output>
  <suite started-at="2023-09-20T10:17:50 IST" name="Default suite" finished-at="2023-09-20T10:17:57 IST" duration-ms="7278">
    <groups>
    </groups>
    <test started-at="2023-09-20T10:17:50 IST" name="Default test" finished-at="2023-09-20T10:17:57 IST" duration-ms="7278">
      <class name="deviceThreadApi.properties">
        <test-method is-config="true" signature="setUp()[pri:0, instance:deviceThreadApi.properties@f5958c9]" started-at="2023-09-20T10:17:50 IST" name="setUp" finished-at="2023-09-20T10:17:50 IST" duration-ms="431" status="PASS">
          <reporter-output>
          </reporter-output>
        </test-method> <!-- setUp -->
        <test-method signature="testAuth()[pri:0, instance:deviceThreadApi.properties@f5958c9]" started-at="2023-09-20T10:17:50 IST" name="testAuth" finished-at="2023-09-20T10:17:54 IST" duration-ms="3237" status="PASS">
          <reporter-output>
          </reporter-output>
        </test-method> <!-- testAuth -->
        <test-method signature="testVerify2FA()[pri:1, instance:deviceThreadApi.properties@f5958c9]" started-at="2023-09-20T10:17:54 IST" name="testVerify2FA" finished-at="2023-09-20T10:17:55 IST" duration-ms="1739" status="PASS">
          <reporter-output>
          </reporter-output>
        </test-method> <!-- testVerify2FA -->
        <test-method signature="getPropertyById()[pri:2, instance:deviceThreadApi.properties@f5958c9]" started-at="2023-09-20T10:17:55 IST" name="getPropertyById" finished-at="2023-09-20T10:17:57 IST" duration-ms="1837" status="PASS">
          <reporter-output>
          </reporter-output>
        </test-method> <!-- getPropertyById -->
      </class> <!-- deviceThreadApi.properties -->
    </test> <!-- Default test -->
  </suite> <!-- Default suite -->
</testng-results>
