<?xml version="1.0" encoding="UTF-8"?>
<testng-results skipped="0" failed="0" total="5" passed="5">
  <reporter-output>
  </reporter-output>
  <suite name="Default suite" duration-ms="9223" started-at="2023-08-08T11:49:44Z" finished-at="2023-08-08T11:49:53Z">
    <groups>
    </groups>
    <test name="Default test" duration-ms="9223" started-at="2023-08-08T11:49:44Z" finished-at="2023-08-08T11:49:53Z">
      <class name="tests.Manual_GKR_Regeneration">
        <test-method status="PASS" signature="setUp()[pri:0, instance:tests.Manual_GKR_Regeneration@735f7ae5]" name="setUp" is-config="true" duration-ms="369" started-at="2023-08-08T17:19:44Z" finished-at="2023-08-08T17:19:44Z">
          <reporter-output>
          </reporter-output>
        </test-method> <!-- setUp -->
        <test-method status="PASS" signature="testAuth()[pri:0, instance:tests.Manual_GKR_Regeneration@735f7ae5]" name="testAuth" duration-ms="3520" started-at="2023-08-08T17:19:44Z" finished-at="2023-08-08T17:19:48Z">
          <reporter-output>
          </reporter-output>
        </test-method> <!-- testAuth -->
        <test-method status="PASS" signature="testVerify2FA()[pri:1, instance:tests.Manual_GKR_Regeneration@735f7ae5]" name="testVerify2FA" duration-ms="1193" started-at="2023-08-08T17:19:48Z" finished-at="2023-08-08T17:19:49Z">
          <reporter-output>
          </reporter-output>
        </test-method> <!-- testVerify2FA -->
        <test-method status="PASS" signature="createGKR()[pri:2, instance:tests.Manual_GKR_Regeneration@735f7ae5]" name="createGKR" duration-ms="1584" started-at="2023-08-08T17:19:49Z" finished-at="2023-08-08T17:19:51Z">
          <reporter-output>
          </reporter-output>
        </test-method> <!-- createGKR -->
        <test-method status="PASS" signature="getKeyDetails()[pri:3, instance:tests.Manual_GKR_Regeneration@735f7ae5]" name="getKeyDetails" duration-ms="1233" started-at="2023-08-08T17:19:51Z" finished-at="2023-08-08T17:19:52Z">
          <reporter-output>
          </reporter-output>
        </test-method> <!-- getKeyDetails -->
        <test-method status="PASS" signature="keyRegenerate()[pri:4, instance:tests.Manual_GKR_Regeneration@735f7ae5]" name="keyRegenerate" duration-ms="1310" started-at="2023-08-08T17:19:52Z" finished-at="2023-08-08T17:19:53Z">
          <reporter-output>
          </reporter-output>
        </test-method> <!-- keyRegenerate -->
        <test-method status="FAIL" signature="tearDown()[pri:0, instance:tests.Manual_GKR_Regeneration@735f7ae5]" name="tearDown" is-config="true" duration-ms="0" started-at="2023-08-08T17:19:53Z" finished-at="2023-08-08T17:19:53Z">
          <exception class="java.lang.NullPointerException">
            <full-stacktrace>
              <![CDATA[java.lang.NullPointerException
	at report.ExtentTestNGListener.tearDown(ExtentTestNGListener.java:25)
	at sun.reflect.NativeMethodAccessorImpl.invoke0(Native Method)
	at sun.reflect.NativeMethodAccessorImpl.invoke(Unknown Source)
	at sun.reflect.DelegatingMethodAccessorImpl.invoke(Unknown Source)
	at java.lang.reflect.Method.invoke(Unknown Source)
	at org.testng.internal.MethodInvocationHelper.invokeMethod(MethodInvocationHelper.java:86)
	at org.testng.internal.Invoker.invokeConfigurationMethod(Invoker.java:514)
	at org.testng.internal.Invoker.invokeConfigurations(Invoker.java:215)
	at org.testng.internal.Invoker.invokeConfigurations(Invoker.java:142)
	at org.testng.SuiteRunner.privateRun(SuiteRunner.java:336)
	at org.testng.SuiteRunner.run(SuiteRunner.java:268)
	at org.testng.SuiteRunnerWorker.runSuite(SuiteRunnerWorker.java:52)
	at org.testng.SuiteRunnerWorker.run(SuiteRunnerWorker.java:86)
	at org.testng.TestNG.runSuitesSequentially(TestNG.java:1244)
	at org.testng.TestNG.runSuitesLocally(TestNG.java:1169)
	at org.testng.TestNG.run(TestNG.java:1064)
	at org.testng.remote.RemoteTestNG.run(RemoteTestNG.java:113)
	at org.testng.remote.RemoteTestNG.initAndRun(RemoteTestNG.java:206)
	at org.testng.remote.RemoteTestNG.main(RemoteTestNG.java:177)
]]>
            </full-stacktrace>
          </exception> <!-- java.lang.NullPointerException -->
          <reporter-output>
          </reporter-output>
        </test-method> <!-- tearDown -->
      </class> <!-- tests.Manual_GKR_Regeneration -->
    </test> <!-- Default test -->
  </suite> <!-- Default suite -->
</testng-results>
