<?xml version="1.0" encoding="UTF-8"?>
<!-- Generated by org.testng.reporters.JUnitXMLReporter -->
<testsuite ignored="1" hostname="AmerkhanPC" failures="4" tests="56" name="ManualCodeConfirmation" time="478.338" errors="0" timestamp="2023-09-14T13:32:09 IST">
  <testcase classname="manualLockCodeDelivery.Manual_SKR_Regenerate" name="testAuth" time="4.241"/>
  <testcase classname="manualLockCodeDelivery.Manual_GKR_Expire" name="testAuth" time="4.241"/>
  <testcase classname="manualLockCodeDelivery.Common_LockCode_Generation" name="testAuth" time="4.24"/>
  <testcase classname="manualLockCodeDelivery.Common_LockCode_Regeneration" name="testAuth" time="4.24"/>
  <testcase classname="manualLockCodeDelivery.Manual_SKR_Generate" name="testAuth" time="4.241"/>
  <testcase classname="manualLockCodeDelivery.Manual_GKR_Regeneration" name="testAuth" time="4.241"/>
  <testcase classname="manualLockCodeDelivery.Manual_GKR_Generate" name="testAuth" time="4.24"/>
  <testcase classname="manualLockCodeDelivery.Fire_safety_code_generation" name="testAuth" time="5.569"/>
  <testcase classname="manualLockCodeDelivery.Manual_SKR_Generate" name="testVerify2FA" time="1.33"/>
  <testcase classname="manualLockCodeDelivery.Manual_SKR_Regenerate" name="testVerify2FA" time="1.374"/>
  <testcase classname="manualLockCodeDelivery.Common_LockCode_Generation" name="testVerify2FA" time="1.384"/>
  <testcase classname="manualLockCodeDelivery.Manual_GKR_Regeneration" name="testVerify2FA" time="1.405"/>
  <testcase classname="manualLockCodeDelivery.Manual_GKR_Expire" name="testVerify2FA" time="1.422"/>
  <testcase classname="manualLockCodeDelivery.Common_LockCode_Regeneration" name="testVerify2FA" time="1.431"/>
  <testcase classname="manualLockCodeDelivery.Manual_GKR_Generate" name="testVerify2FA" time="1.438"/>
  <testcase classname="manualLockCodeDelivery.Guest_master_code_Generation" name="testAuth" time="6.162"/>
  <testcase classname="manualLockCodeDelivery.Fire_safety_code_generation" name="testVerify2FA" time="1.334"/>
  <testcase classname="manualLockCodeDelivery.Manual_SKR_Regenerate" name="getuserId" time="1.444"/>
  <testcase classname="manualLockCodeDelivery.Manual_SKR_Generate" name="getuserId" time="1.482"/>
  <testcase classname="manualLockCodeDelivery.Manual_GKR_Generate" name="createGKR" time="1.791"/>
  <testcase classname="manualLockCodeDelivery.Guest_master_code_Generation" name="testVerify2FA" time="1.412"/>
  <testcase classname="manualLockCodeDelivery.Manual_GKR_Regeneration" name="createGKR" time="8.776"/>
  <testcase classname="manualLockCodeDelivery.Manual_GKR_Regeneration" name="getKeyId" time="1.429"/>
  <testcase classname="manualLockCodeDelivery.Manual_GKR_Regeneration" name="getKeyDetails" time="1.415"/>
  <testcase classname="manualLockCodeDelivery.Manual_GKR_Regeneration" name="keyRegenerate" time="8.459"/>
  <testcase classname="manualLockCodeDelivery.Manual_GKR_Expire" name="createGKR" time="22.759"/>
  <testcase classname="manualLockCodeDelivery.Manual_GKR_Expire" name="getKeyDetails" time="1.405"/>
  <testcase classname="manualLockCodeDelivery.Manual_SKR_Generate" name="createSKR" time="29.578"/>
  <testcase classname="manualLockCodeDelivery.Manual_SKR_Generate" name="getKeyDetails" time="1.45"/>
  <testcase classname="manualLockCodeDelivery.Manual_SKR_Regenerate" name="createSKR" time="36.66"/>
  <testcase classname="manualLockCodeDelivery.Manual_SKR_Regenerate" name="getKeyDetails" time="1.405"/>
  <testcase classname="manualLockCodeDelivery.Guest_master_code_Generation" name="Generate_Guest_Master_codes" time="50.684"/>
  <testcase classname="manualLockCodeDelivery.Manual_SKR_Regenerate" name="keyRegenerate" time="19.197"/>
  <testcase classname="manualLockCodeDelivery.Common_LockCode_Generation" name="Generate_Common_Lock_codes" time="73.435"/>
  <testcase classname="manualLockCodeDelivery.Common_LockCode_Regeneration" name="Generate_Common_Lock_codes" time="87.436"/>
  <testcase classname="manualLockCodeDelivery.Common_LockCode_Regeneration" name="RegenerateClc" time="10.18"/>
  <testcase classname="manualLockCodeDelivery.Fire_safety_code_generation" name="Generate_Fire_Safety_codes" time="102.768"/>
  <testcase classname="manualLockCodeDelivery.Manual_GKR_Generate" name="getKeyDetails" time="361.478"/>
  <testcase classname="manualLockCodeDelivery.Manual_GKR_Generate" name="getCodeDeliveryStatus" time="1.42">
    <failure type="java.lang.AssertionError" message="expected [true] but found [false]">
      <![CDATA[java.lang.AssertionError: expected [true] but found [false]
at manualLockCodeDelivery.Manual_GKR_Generate.getCodeDeliveryStatus(Manual_GKR_Generate.java:151)
at java.base/java.util.concurrent.ThreadPoolExecutor.runWorker(ThreadPoolExecutor.java:1144)
at java.base/java.util.concurrent.ThreadPoolExecutor$Worker.run(ThreadPoolExecutor.java:642)
at java.base/java.lang.Thread.run(Thread.java:1589)
... Removed 16 stack frames]]>
    </failure>
  </testcase> <!-- getCodeDeliveryStatus -->
  <testcase classname="manualLockCodeDelivery.Manual_GKR_Regeneration" name="getCodeDeliveryStatus" time="363.764"/>
  <testcase classname="manualLockCodeDelivery.Manual_GKR_Expire" name="getCodeDeliveryStatus" time="364.596">
    <failure type="java.lang.AssertionError" message="expected [true] but found [false]">
      <![CDATA[java.lang.AssertionError: expected [true] but found [false]
at manualLockCodeDelivery.Manual_GKR_Expire.getCodeDeliveryStatus(Manual_GKR_Expire.java:170)
at java.base/java.util.concurrent.ThreadPoolExecutor.runWorker(ThreadPoolExecutor.java:1144)
at java.base/java.util.concurrent.ThreadPoolExecutor$Worker.run(ThreadPoolExecutor.java:642)
at java.base/java.lang.Thread.run(Thread.java:1589)
... Removed 14 stack frames]]>
    </failure>
  </testcase> <!-- getCodeDeliveryStatus -->
  <testcase classname="manualLockCodeDelivery.Guest_master_code_Generation" name="getGMCDetails" time="361.393"/>
  <testcase classname="manualLockCodeDelivery.Guest_master_code_Generation" name="getCodeDeliveryStatus" time="2.508"/>
  <testcase classname="manualLockCodeDelivery.Guest_master_code_Generation" name="DeleteMastercode" time="2.852"/>
  <testcase classname="manualLockCodeDelivery.Manual_SKR_Generate" name="getCodeDeliveryStatus" time="387.868">
    <failure type="java.net.ConnectException" message="Connection timed out: connect">
      <![CDATA[java.net.ConnectException: Connection timed out: connect
at java.base/sun.nio.ch.Net.connect0(Native Method)
at java.base/sun.nio.ch.Net.connect(Net.java:579)
at java.base/sun.nio.ch.Net.connect(Net.java:568)
at java.base/sun.nio.ch.NioSocketImpl.connect(NioSocketImpl.java:576)
at java.base/java.net.SocksSocketImpl.connect(SocksSocketImpl.java:327)
at java.base/java.net.Socket.connect(Socket.java:666)
at org.apache.http.conn.ssl.SSLSocketFactory.connectSocket(SSLSocketFactory.java:543)
at org.apache.http.conn.ssl.SSLSocketFactory.connectSocket(SSLSocketFactory.java:415)
at org.apache.http.impl.conn.DefaultClientConnectionOperator.openConnection(DefaultClientConnectionOperator.java:180)
at org.apache.http.impl.conn.ManagedClientConnectionImpl.open(ManagedClientConnectionImpl.java:326)
at org.apache.http.impl.client.DefaultRequestDirector.tryConnect(DefaultRequestDirector.java:605)
at org.apache.http.impl.client.DefaultRequestDirector.execute(DefaultRequestDirector.java:440)
at org.apache.http.impl.client.AbstractHttpClient.doExecute(AbstractHttpClient.java:835)
at org.apache.http.impl.client.CloseableHttpClient.execute(CloseableHttpClient.java:83)
at org.apache.http.impl.client.CloseableHttpClient.execute(CloseableHttpClient.java:56)
at org.apache.http.client.HttpClient$execute$11.call(Unknown Source)
at io.restassured.internal.RequestSpecificationImpl$RestAssuredHttpBuilder.doRequest(RequestSpecificationImpl.groovy:2072)
at io.restassured.internal.http.HTTPBuilder.doRequest(HTTPBuilder.java:495)
at io.restassured.internal.http.HTTPBuilder.request(HTTPBuilder.java:452)
at io.restassured.internal.http.HTTPBuilder$request$34.call(Unknown Source)
at io.restassured.internal.RequestSpecificationImpl.sendHttpRequest(RequestSpecificationImpl.groovy:1453)
at groovy.lang.MetaMethod.doMethodInvoke(MetaMethod.java:323)
at groovy.lang.MetaClassImpl.invokeMethod(MetaClassImpl.java:1268)
at groovy.lang.MetaClassImpl.invokeMethod(MetaClassImpl.java:1035)
at groovy.lang.MetaClassImpl.invokeMethod(MetaClassImpl.java:819)
at groovy.lang.GroovyObject.invokeMethod(GroovyObject.java:39)
at org.codehaus.groovy.runtime.callsite.PogoInterceptableSite.call(PogoInterceptableSite.java:45)
at org.codehaus.groovy.runtime.callsite.PogoInterceptableSite.callCurrent(PogoInterceptableSite.java:55)
at io.restassured.internal.RequestSpecificationImpl.sendRequest(RequestSpecificationImpl.groovy:1202)
at groovy.lang.MetaMethod.doMethodInvoke(MetaMethod.java:323)
at groovy.lang.MetaClassImpl.invokeMethod(MetaClassImpl.java:1268)
at groovy.lang.MetaClassImpl.invokeMethod(MetaClassImpl.java:1035)
at groovy.lang.MetaClassImpl.invokeMethod(MetaClassImpl.java:819)
at groovy.lang.GroovyObject.invokeMethod(GroovyObject.java:39)
at org.codehaus.groovy.runtime.callsite.PogoInterceptableSite.call(PogoInterceptableSite.java:45)
at org.codehaus.groovy.runtime.callsite.AbstractCallSite.call(AbstractCallSite.java:166)
at io.restassured.internal.filter.SendRequestFilter.filter(SendRequestFilter.groovy:30)
at io.restassured.filter.Filter$filter$5.call(Unknown Source)
at org.codehaus.groovy.runtime.callsite.CallSiteArray.defaultCall(CallSiteArray.java:47)
at io.restassured.filter.Filter$filter$0.call(Unknown Source)
at io.restassured.internal.filter.FilterContextImpl.next(FilterContextImpl.groovy:72)
at io.restassured.filter.time.TimingFilter.filter(TimingFilter.java:56)
at io.restassured.filter.Filter$filter$0.call(Unknown Source)
at org.codehaus.groovy.runtime.callsite.CallSiteArray.defaultCall(CallSiteArray.java:47)
at io.restassured.filter.Filter$filter$5.call(Unknown Source)
at io.restassured.internal.filter.FilterContextImpl.next(FilterContextImpl.groovy:72)
at io.restassured.filter.FilterContext$next$4.call(Unknown Source)
at io.restassured.internal.RequestSpecificationImpl.applyPathParamsAndSendRequest(RequestSpecificationImpl.groovy:1672)
at groovy.lang.MetaMethod.doMethodInvoke(MetaMethod.java:323)
at groovy.lang.MetaClassImpl.invokeMethod(MetaClassImpl.java:1268)
at groovy.lang.MetaClassImpl.invokeMethod(MetaClassImpl.java:1035)
at groovy.lang.MetaClassImpl.invokeMethod(MetaClassImpl.java:819)
at groovy.lang.GroovyObject.invokeMethod(GroovyObject.java:39)
at org.codehaus.groovy.runtime.callsite.PogoInterceptableSite.call(PogoInterceptableSite.java:45)
at org.codehaus.groovy.runtime.callsite.PogoInterceptableSite.callCurrent(PogoInterceptableSite.java:55)
at org.codehaus.groovy.runtime.callsite.AbstractCallSite.callCurrent(AbstractCallSite.java:203)
at io.restassured.internal.RequestSpecificationImpl.applyPathParamsAndSendRequest(RequestSpecificationImpl.groovy:1678)
at groovy.lang.MetaMethod.doMethodInvoke(MetaMethod.java:323)
at groovy.lang.MetaClassImpl.invokeMethod(MetaClassImpl.java:1268)
at groovy.lang.MetaClassImpl.invokeMethod(MetaClassImpl.java:1035)
at groovy.lang.MetaClassImpl.invokeMethod(MetaClassImpl.java:819)
at groovy.lang.GroovyObject.invokeMethod(GroovyObject.java:39)
at org.codehaus.groovy.runtime.callsite.PogoInterceptableSite.call(PogoInterceptableSite.java:45)
at org.codehaus.groovy.runtime.callsite.PogoInterceptableSite.callCurrent(PogoInterceptableSite.java:55)
at org.codehaus.groovy.runtime.callsite.AbstractCallSite.callCurrent(AbstractCallSite.java:203)
at io.restassured.internal.RequestSpecificationImpl.delete(RequestSpecificationImpl.groovy:185)
at io.restassured.internal.RequestSpecificationImpl.delete(RequestSpecificationImpl.groovy)
at manualLockCodeDelivery.Manual_SKR_Generate.deleteKeys(Manual_SKR_Generate.java:222)
at manualLockCodeDelivery.Manual_SKR_Generate.getCodeDeliveryStatus(Manual_SKR_Generate.java:195)
at java.base/java.util.concurrent.ThreadPoolExecutor.runWorker(ThreadPoolExecutor.java:1144)
at java.base/java.util.concurrent.ThreadPoolExecutor$Worker.run(ThreadPoolExecutor.java:642)
at java.base/java.lang.Thread.run(Thread.java:1589)
... Removed 22 stack frames]]>
    </failure>
  </testcase> <!-- getCodeDeliveryStatus -->
  <testcase classname="manualLockCodeDelivery.Manual_SKR_Regenerate" name="getCodeDeliveryStatus" time="365.612"/>
  <testcase classname="manualLockCodeDelivery.Manual_SKR_Regenerate" name="DeleteKeys" time="3.072"/>
  <testcase classname="manualLockCodeDelivery.Common_LockCode_Generation" name="CLCDetails" time="361.431"/>
  <testcase classname="manualLockCodeDelivery.Common_LockCode_Generation" name="getCodeDeliveryStatus" time="2.507"/>
  <testcase classname="manualLockCodeDelivery.Common_LockCode_Generation" name="DeleteMastercode" time="3.822"/>
  <testcase classname="manualLockCodeDelivery.Common_LockCode_Regeneration" name="CLCDetails" time="361.426"/>
  <testcase classname="manualLockCodeDelivery.Common_LockCode_Regeneration" name="getCodeDeliveryStatus" time="2.503"/>
  <testcase classname="manualLockCodeDelivery.Common_LockCode_Regeneration" name="DeleteMastercode" time="2.947"/>
  <testcase classname="manualLockCodeDelivery.Fire_safety_code_generation" name="FSCDetails" time="361.421"/>
  <testcase classname="manualLockCodeDelivery.Fire_safety_code_generation" name="getCodeDeliveryStatus" time="2.774">
    <failure type="java.lang.AssertionError" message="expected [true] but found [false]">
      <![CDATA[java.lang.AssertionError: expected [true] but found [false]
at manualLockCodeDelivery.Fire_safety_code_generation.getCodeDeliveryStatus(Fire_safety_code_generation.java:141)
at java.base/java.util.concurrent.ThreadPoolExecutor.runWorker(ThreadPoolExecutor.java:1144)
at java.base/java.util.concurrent.ThreadPoolExecutor$Worker.run(ThreadPoolExecutor.java:642)
at java.base/java.lang.Thread.run(Thread.java:1589)
... Removed 14 stack frames]]>
    </failure>
  </testcase> <!-- getCodeDeliveryStatus -->
  <testcase classname="manualLockCodeDelivery.Fire_safety_code_generation" name="DeleteMastercode" time="3.953"/>
  <testcase classname="manualLockCodeDelivery.Manual_SKR_Regenerate" name="getKeyId" time="0.0">
    <ignored/>
  </testcase> <!-- getKeyId -->
</testsuite> <!-- ManualCodeConfirmation -->
